<?xml version="1.0" encoding="UTF-8" standalone="yes"?><!DOCTYPE report PUBLIC "-//JACOCO//DTD Report 1.1//EN" "report.dtd"><report name="parking-system"><sessioninfo id="houseturtle-voltageharmony-b25db4d2" start="1680519546413" dump="1680519548808"/><sessioninfo id="houseturtle-voltageharmony-7b37bcb0" start="1680520141509" dump="1680520143896"/><sessioninfo id="houseturtle-voltageharmony-db914f73" start="1680561520866" dump="1680561523262"/><sessioninfo id="houseturtle-voltageharmony-b4bf694" start="1680562963612" dump="1680562967182"/><sessioninfo id="houseturtle-voltageharmony-e82d36a9" start="1680563127925" dump="1680563131290"/><sessioninfo id="houseturtle-voltageharmony-9e45e907" start="1680563195738" dump="1680563198830"/><sessioninfo id="houseturtle-voltageharmony-f86bad89" start="1680625919944" dump="1680625923381"/><sessioninfo id="houseturtle-voltageharmony-33f5f83b" start="1680625930068" dump="1680625934632"/><sessioninfo id="houseturtle-voltageharmony-8e5504bb" start="1680628109306" dump="1680628112539"/><sessioninfo id="houseturtle-voltageharmony-f9719b2b" start="1680628120151" dump="1680628125578"/><sessioninfo id="houseturtle-voltageharmony-4311579" start="1680636320114" dump="1680636322356"/><sessioninfo id="houseturtle-voltageharmony-422ae26b" start="1680636328448" dump="1680636332238"/><sessioninfo id="houseturtle-voltageharmony-2f86ea4f" start="1680636683829" dump="1680636684657"/><sessioninfo id="houseturtle-voltageharmony-af95b761" start="1680636692633" dump="1680636696279"/><sessioninfo id="houseturtle-voltageharmony-56167529" start="1680637175434" dump="1680637177751"/><sessioninfo id="houseturtle-voltageharmony-a75f699c" start="1680637185972" dump="1680637189917"/><sessioninfo id="houseturtle-voltageharmony-b49af8db" start="1680787648755" dump="1680787655187"/><sessioninfo id="houseturtle-voltageharmony-433df1d8" start="1680787883863" dump="1680787886559"/><sessioninfo id="houseturtle-voltageharmony-4e21a4d3" start="1680787918374" dump="1680787921415"/><sessioninfo id="houseturtle-voltageharmony-f22b6624" start="1680787929526" dump="1680787939509"/><sessioninfo id="houseturtle-voltageharmony-44c34b78" start="1680788020826" dump="1680788023992"/><sessioninfo id="houseturtle-voltageharmony-223603a4" start="1680788031392" dump="1680788041226"/><sessioninfo id="houseturtle-voltageharmony-8a1f7999" start="1680788248669" dump="1680788255249"/><sessioninfo id="houseturtle-voltageharmony-374ae8d8" start="1681160815929" dump="1681160819565"/><sessioninfo id="houseturtle-voltageharmony-1fcb267b" start="1681160827422" dump="1681160832697"/><sessioninfo id="houseturtle-voltageharmony-fa7b0802" start="1681162410102" dump="1681162413698"/><sessioninfo id="houseturtle-voltageharmony-459a5a97" start="1681162726202" dump="1681162730510"/><sessioninfo id="houseturtle-voltageharmony-63756f89" start="1681162757371" dump="1681162760073"/><sessioninfo id="houseturtle-voltageharmony-31b34a80" start="1681162767714" dump="1681162773631"/><sessioninfo id="houseturtle-voltageharmony-389768cf" start="1681166173485" dump="1681166177752"/><sessioninfo id="houseturtle-voltageharmony-97c2e82f" start="1681225131464" dump="1681225135145"/><sessioninfo id="houseturtle-voltageharmony-c42ccc4e" start="1681225883627" dump="1681225887667"/><sessioninfo id="houseturtle-voltageharmony-d653811f" start="1681227223484" dump="1681227228118"/><sessioninfo id="houseturtle-voltageharmony-3f4152bf" start="1681227276989" dump="1681227280664"/><sessioninfo id="houseturtle-voltageharmony-e025f2e0" start="1681227557338" dump="1681227562633"/><sessioninfo id="houseturtle-voltageharmony-2a6d7fee" start="1681227728022" dump="1681227732390"/><sessioninfo id="houseturtle-voltageharmony-70c7c92c" start="1681227741236" dump="1681227747038"/><sessioninfo id="houseturtle-voltageharmony-2b1b4223" start="1681227875976" dump="1681227885946"/><sessioninfo id="houseturtle-voltageharmony-b3b8ef9" start="1681229004733" dump="1681229008830"/><sessioninfo id="houseturtle-voltageharmony-6c93d769" start="1681229158895" dump="1681229163623"/><sessioninfo id="houseturtle-voltageharmony-9dfff628" start="1681229302435" dump="1681229306459"/><sessioninfo id="houseturtle-voltageharmony-1f83345a" start="1681229597578" dump="1681229600939"/><sessioninfo id="houseturtle-voltageharmony-c7165677" start="1681229883538" dump="1681229887176"/><sessioninfo id="houseturtle-voltageharmony-fce2ca18" start="1681230246996" dump="1681230251969"/><sessioninfo id="houseturtle-voltageharmony-e79a707e" start="1681230448128" dump="1681230452958"/><sessioninfo id="houseturtle-voltageharmony-3423aa9d" start="1681230736345" dump="1681230740105"/><sessioninfo id="houseturtle-voltageharmony-dec0c1d4" start="1681231065722" dump="1681231070248"/><sessioninfo id="houseturtle-voltageharmony-94da2ba0" start="1681232982716" dump="1681232986375"/><sessioninfo id="houseturtle-voltageharmony-8b727eb8" start="1681233433151" dump="1681233436851"/><sessioninfo id="houseturtle-voltageharmony-61920699" start="1681233645085" dump="1681233648428"/><sessioninfo id="houseturtle-voltageharmony-e1e0478d" start="1681233845083" dump="1681233848019"/><sessioninfo id="houseturtle-voltageharmony-fac3dcbe" start="1681234074292" dump="1681234077602"/><sessioninfo id="houseturtle-voltageharmony-2f02e5c0" start="1681234399123" dump="1681234402399"/><sessioninfo id="houseturtle-voltageharmony-c6f9b65" start="1681234410731" dump="1681234416015"/><sessioninfo id="houseturtle-voltageharmony-75439a45" start="1681234520562" dump="1681234523737"/><sessioninfo id="houseturtle-voltageharmony-a3991e6e" start="1681234555322" dump="1681234558282"/><sessioninfo id="houseturtle-voltageharmony-14dbbb0e" start="1681235725233" dump="1681235729732"/><sessioninfo id="houseturtle-voltageharmony-24d1b411" start="1681250546717" dump="1681250551057"/><sessioninfo id="houseturtle-voltageharmony-87338769" start="1681250901202" dump="1681250904937"/><sessioninfo id="houseturtle-voltageharmony-763341f2" start="1681250914223" dump="1681250927434"/><sessioninfo id="houseturtle-voltageharmony-3eae5b17" start="1681253173832" dump="1681253178388"/><sessioninfo id="houseturtle-voltageharmony-56b53d78" start="1681253245037" dump="1681253247857"/><sessioninfo id="houseturtle-voltageharmony-2d720bb3" start="1681253312234" dump="1681253315099"/><sessioninfo id="houseturtle-voltageharmony-f9ffb309" start="1681253351384" dump="1681253354426"/><sessioninfo id="houseturtle-voltageharmony-bb07a745" start="1681253382602" dump="1681253385527"/><sessioninfo id="houseturtle-voltageharmony-bcb8cfa6" start="1681254039424" dump="1681254043825"/><sessioninfo id="houseturtle-voltageharmony-9b0f30fe" start="1681295152764" dump="1681295156939"/><sessioninfo id="houseturtle-voltageharmony-193eb6c0" start="1681295229194" dump="1681295233096"/><sessioninfo id="houseturtle-voltageharmony-d37ec9be" start="1681295691570" dump="1681295696230"/><sessioninfo id="houseturtle-voltageharmony-8cf06fbb" start="1681295808386" dump="1681295811994"/><sessioninfo id="houseturtle-voltageharmony-68db9da4" start="1681296084588" dump="1681296088200"/><sessioninfo id="houseturtle-voltageharmony-4dd7c08a" start="1681296309581" dump="1681296313366"/><sessioninfo id="houseturtle-voltageharmony-1f6c668" start="1681296769007" dump="1681296772936"/><sessioninfo id="houseturtle-voltageharmony-5e0738fe" start="1681296811209" dump="1681296814759"/><sessioninfo id="houseturtle-voltageharmony-4f0447b2" start="1681296958087" dump="1681296962319"/><sessioninfo id="houseturtle-voltageharmony-3c9ab428" start="1681297009750" dump="1681297014026"/><sessioninfo id="houseturtle-voltageharmony-88d8a2" start="1681297022392" dump="1681297028646"/><sessioninfo id="houseturtle-voltageharmony-10bc3682" start="1681297040773" dump="1681297043638"/><sessioninfo id="houseturtle-voltageharmony-e5a9e535" start="1681297225561" dump="1681297229724"/><sessioninfo id="houseturtle-voltageharmony-3ecc904c" start="1681297295898" dump="1681297299722"/><sessioninfo id="houseturtle-voltageharmony-ad7c47af" start="1681297393712" dump="1681297399038"/><sessioninfo id="houseturtle-voltageharmony-954f9cda" start="1681297917221" dump="1681297921308"/><sessioninfo id="houseturtle-voltageharmony-51c80032" start="1681298024429" dump="1681298028314"/><sessioninfo id="houseturtle-voltageharmony-d28f5dd8" start="1681298037119" dump="1681298050210"/><sessioninfo id="houseturtle-voltageharmony-ed9271b" start="1681298443036" dump="1681298447139"/><sessioninfo id="houseturtle-voltageharmony-58787778" start="1681298463648" dump="1681298470432"/><sessioninfo id="houseturtle-voltageharmony-57a22064" start="1681298615607" dump="1681298619431"/><sessioninfo id="houseturtle-voltageharmony-4f5b7fae" start="1681298628048" dump="1681298634020"/><sessioninfo id="houseturtle-voltageharmony-d18a5946" start="1681298668622" dump="1681298671877"/><sessioninfo id="houseturtle-voltageharmony-cd103fd5" start="1681298679642" dump="1681298685014"/><sessioninfo id="houseturtle-voltageharmony-8ba4aea9" start="1681298728083" dump="1681298731166"/><sessioninfo id="houseturtle-voltageharmony-c14fab5e" start="1681298739282" dump="1681298744869"/><sessioninfo id="houseturtle-voltageharmony-737572e0" start="1681298917914" dump="1681298922793"/><sessioninfo id="houseturtle-voltageharmony-65284fba" start="1681298931458" dump="1681298937302"/><sessioninfo id="houseturtle-voltageharmony-5cfb5fdf" start="1681299365128" dump="1681299368911"/><sessioninfo id="houseturtle-voltageharmony-1a486712" start="1681299414409" dump="1681299417553"/><sessioninfo id="houseturtle-voltageharmony-c486c4aa" start="1681299516037" dump="1681299518864"/><sessioninfo id="houseturtle-voltageharmony-2b0a8488" start="1681299653214" dump="1681299656100"/><sessioninfo id="houseturtle-voltageharmony-dc5bc653" start="1681299663551" dump="1681299669131"/><sessioninfo id="houseturtle-voltageharmony-df0d9509" start="1681300049680" dump="1681300053358"/><sessioninfo id="houseturtle-voltageharmony-ec5a38f1" start="1681300196319" dump="1681300199277"/><sessioninfo id="houseturtle-voltageharmony-bbed0355" start="1681300207248" dump="1681300212665"/><sessioninfo id="houseturtle-voltageharmony-3b1d41ac" start="1681301002955" dump="1681301006194"/><sessioninfo id="houseturtle-voltageharmony-c246f0a0" start="1681301102498" dump="1681301105568"/><sessioninfo id="houseturtle-voltageharmony-62b8b57e" start="1681301363007" dump="1681301366937"/><sessioninfo id="houseturtle-voltageharmony-443727a3" start="1681301376420" dump="1681301377599"/><sessioninfo id="houseturtle-voltageharmony-a586a54b" start="1681301444076" dump="1681301447902"/><sessioninfo id="houseturtle-voltageharmony-82b53801" start="1681301456642" dump="1681301460148"/><sessioninfo id="houseturtle-voltageharmony-56d1e902" start="1681301468946" dump="1681301476527"/><sessioninfo id="houseturtle-voltageharmony-81252094" start="1681335697225" dump="1681335700658"/><sessioninfo id="houseturtle-voltageharmony-a18ae5a3" start="1681335708485" dump="1681335713839"/><sessioninfo id="houseturtle-voltageharmony-b8f896ef" start="1681342193278" dump="1681342196963"/><sessioninfo id="houseturtle-voltageharmony-f572c67b" start="1681342278892" dump="1681342282365"/><sessioninfo id="houseturtle-voltageharmony-7accd7e6" start="1681342322692" dump="1681342325755"/><sessioninfo id="houseturtle-voltageharmony-4b282c3e" start="1681343106823" dump="1681343113990"/><sessioninfo id="houseturtle-voltageharmony-fb17cac5" start="1681343144833" dump="1681343148925"/><sessioninfo id="houseturtle-voltageharmony-bb51079a" start="1681343313195" dump="1681343320083"/><sessioninfo id="houseturtle-voltageharmony-940af855" start="1681343437460" dump="1681343441543"/><sessioninfo id="houseturtle-voltageharmony-3ed17704" start="1681343474005" dump="1681343478296"/><sessioninfo id="houseturtle-voltageharmony-b97849de" start="1681343580799" dump="1681343585346"/><sessioninfo id="houseturtle-voltageharmony-f2142d28" start="1681343664689" dump="1681343669150"/><sessioninfo id="houseturtle-voltageharmony-cf2e9278" start="1681382941602" dump="1681382945817"/><sessioninfo id="houseturtle-voltageharmony-fb0d3e90" start="1681383133192" dump="1681383136583"/><sessioninfo id="houseturtle-voltageharmony-81c89f50" start="1681383280517" dump="1681383284015"/><sessioninfo id="houseturtle-voltageharmony-5a8df246" start="1681383873670" dump="1681383877211"/><sessioninfo id="houseturtle-voltageharmony-398e4d07" start="1681383959215" dump="1681383962745"/><sessioninfo id="houseturtle-voltageharmony-98ea419a" start="1681384204059" dump="1681384207212"/><sessioninfo id="houseturtle-voltageharmony-288b0d4a" start="1681384265944" dump="1681384269043"/><sessioninfo id="houseturtle-voltageharmony-be5ce1ad" start="1681384276725" dump="1681384281987"/><sessioninfo id="houseturtle-voltageharmony-6a39fa22" start="1681384419257" dump="1681384422423"/><sessioninfo id="houseturtle-voltageharmony-25bf3c6c" start="1681384430603" dump="1681384436289"/><sessioninfo id="houseturtle-voltageharmony-85b167f0" start="1681386230509" dump="1681386236624"/><sessioninfo id="houseturtle-voltageharmony-5bd4b70" start="1681386246452" dump="1681386253760"/><sessioninfo id="houseturtle-voltageharmony-dc461d3b" start="1681387511454" dump="1681387516929"/><sessioninfo id="houseturtle-voltageharmony-760df210" start="1681387553985" dump="1681387557939"/><sessioninfo id="houseturtle-voltageharmony-694fc966" start="1681387566927" dump="1681387574377"/><sessioninfo id="houseturtle-voltageharmony-20a84835" start="1681391398302" dump="1681391401462"/><sessioninfo id="houseturtle-voltageharmony-c238d3dd" start="1681391408981" dump="1681391414283"/><sessioninfo id="houseturtle-voltageharmony-8200304f" start="1681391584542" dump="1681391587240"/><sessioninfo id="houseturtle-voltageharmony-9f6a7a58" start="1681391594339" dump="1681391599386"/><sessioninfo id="houseturtle-voltageharmony-4196e2d" start="1681391699595" dump="1681391702893"/><sessioninfo id="houseturtle-voltageharmony-bacdf992" start="1681391710342" dump="1681391715536"/><sessioninfo id="houseturtle-voltageharmony-71ea42d5" start="1681391798101" dump="1681391801274"/><sessioninfo id="houseturtle-voltageharmony-2d577aa8" start="1681391808855" dump="1681391814825"/><sessioninfo id="houseturtle-voltageharmony-b014a3cf" start="1681391861765" dump="1681391865096"/><sessioninfo id="houseturtle-voltageharmony-b30fd05d" start="1681391872492" dump="1681391877615"/><sessioninfo id="houseturtle-voltageharmony-de327c26" start="1681392043505" dump="1681392046791"/><sessioninfo id="houseturtle-voltageharmony-77f5edc" start="1681392054186" dump="1681392059689"/><sessioninfo id="houseturtle-voltageharmony-86caaa56" start="1681392119786" dump="1681392125333"/><sessioninfo id="houseturtle-voltageharmony-ee64ad4a" start="1681392133243" dump="1681392138585"/><sessioninfo id="houseturtle-voltageharmony-cac341f0" start="1681392185288" dump="1681392188484"/><sessioninfo id="houseturtle-voltageharmony-7b48ed27" start="1681392196466" dump="1681392202668"/><sessioninfo id="houseturtle-voltageharmony-c5698b39" start="1681393109514" dump="1681393114432"/><sessioninfo id="houseturtle-voltageharmony-cb80a7c" start="1681393123388" dump="1681393133618"/><sessioninfo id="houseturtle-voltageharmony-dc6e037c" start="1681393159662" dump="1681393163118"/><sessioninfo id="houseturtle-voltageharmony-9d6d265a" start="1681393173902" dump="1681393182946"/><sessioninfo id="houseturtle-voltageharmony-18f2eeb9" start="1681477659292" dump="1681477663724"/><sessioninfo id="houseturtle-voltageharmony-71527a55" start="1681477671737" dump="1681477681232"/><sessioninfo id="houseturtle-voltageharmony-20c7d269" start="1681732942147" dump="1681732947399"/><sessioninfo id="houseturtle-voltageharmony-8cf3eddc" start="1681733373874" dump="1681733378171"/><sessioninfo id="houseturtle-voltageharmony-4e202ae7" start="1681733387124" dump="1681733389276"/><sessioninfo id="houseturtle-voltageharmony-4b8e54c0" start="1681733474867" dump="1681733489334"/><sessioninfo id="houseturtle-voltageharmony-7e7299c4" start="1681734690108" dump="1681734697017"/><sessioninfo id="houseturtle-voltageharmony-3eb8ced2" start="1681734716375" dump="1681734724833"/><sessioninfo id="houseturtle-voltageharmony-3a532831" start="1681735887733" dump="1681735891572"/><sessioninfo id="houseturtle-voltageharmony-586a4cca" start="1681735899980" dump="1681735906292"/><sessioninfo id="houseturtle-voltageharmony-10b5bd08" start="1681735927459" dump="1681735931405"/><sessioninfo id="houseturtle-voltageharmony-bc9b08ef" start="1681735939332" dump="1681735945541"/><sessioninfo id="houseturtle-voltageharmony-29fe235a" start="1681735985688" dump="1681735989406"/><sessioninfo id="houseturtle-voltageharmony-16de9cd0" start="1681735996830" dump="1681736002866"/><sessioninfo id="houseturtle-voltageharmony-93f68022" start="1681817555050" dump="1681817558283"/><sessioninfo id="houseturtle-voltageharmony-626edca0" start="1681818356262" dump="1681818360949"/><sessioninfo id="houseturtle-voltageharmony-9a6e73c6" start="1681818368531" dump="1681818375762"/><sessioninfo id="houseturtle-voltageharmony-382bebed" start="1681818760170" dump="1681818763718"/><sessioninfo id="houseturtle-voltageharmony-9adef960" start="1681818771103" dump="1681818776935"/><sessioninfo id="houseturtle-voltageharmony-6e0a9291" start="1681818827735" dump="1681818832323"/><sessioninfo id="houseturtle-voltageharmony-57aae660" start="1681818841161" dump="1681818848498"/><sessioninfo id="houseturtle-voltageharmony-219fb893" start="1681819072324" dump="1681819076426"/><sessioninfo id="houseturtle-voltageharmony-de021b9f" start="1681819084207" dump="1681819089938"/><sessioninfo id="houseturtle-voltageharmony-9e1179d0" start="1681819300346" dump="1681819305603"/><sessioninfo id="houseturtle-voltageharmony-c3102beb" start="1681819318819" dump="1681819326465"/><sessioninfo id="houseturtle-voltageharmony-718e5dad" start="1681819710775" dump="1681819715055"/><sessioninfo id="houseturtle-voltageharmony-55ea52b" start="1681819722203" dump="1681819732806"/><sessioninfo id="houseturtle-voltageharmony-bbc8050c" start="1681819980061" dump="1681819984760"/><sessioninfo id="houseturtle-voltageharmony-fa6e1893" start="1681819992284" dump="1681820007557"/><package name="com/parkit/parkingsystem/service"><class name="com/parkit/parkingsystem/service/FareCalculatorService" sourcefilename="FareCalculatorService.java"><method name="&lt;init&gt;" desc="()V" line="6"><counter type="INSTRUCTION" missed="0" covered="3"/><counter type="LINE" missed="0" covered="1"/><counter type="COMPLEXITY" missed="0" covered="1"/><counter type="METHOD" missed="0" covered="1"/></method><method name="calculateFare" desc="(Lcom/parkit/parkingsystem/model/Ticket;Z)V" line="9"><counter type="INSTRUCTION" missed="5" covered="73"/><counter type="BRANCH" missed="1" covered="10"/><counter type="LINE" missed="1" covered="19"/><counter type="COMPLEXITY" missed="1" covered="6"/><counter type="METHOD" missed="0" covered="1"/></method><method name="calculateFare" desc="(Lcom/parkit/parkingsystem/model/Ticket;)V" line="45"><counter type="INSTRUCTION" missed="0" covered="5"/><counter type="LINE" missed="0" covered="2"/><counter type="COMPLEXITY" missed="0" covered="1"/><counter type="METHOD" missed="0" covered="1"/></method><counter type="INSTRUCTION" missed="5" covered="81"/><counter type="BRANCH" missed="1" covered="10"/><counter type="LINE" missed="1" covered="22"/><counter type="COMPLEXITY" missed="1" covered="8"/><counter type="METHOD" missed="0" covered="3"/><counter type="CLASS" missed="0" covered="1"/></class><class name="com/parkit/parkingsystem/service/ParkingService" sourcefilename="ParkingService.java"><method name="&lt;clinit&gt;" desc="()V" line="16"><counter type="INSTRUCTION" missed="0" covered="8"/><counter type="LINE" missed="0" covered="2"/><counter type="COMPLEXITY" missed="0" covered="1"/><counter type="METHOD" missed="0" covered="1"/></method><method name="&lt;init&gt;" desc="(Lcom/parkit/parkingsystem/util/InputReaderUtil;Lcom/parkit/parkingsystem/dao/ParkingSpotDAO;Lcom/parkit/parkingsystem/dao/TicketDAO;)V" line="24"><counter type="INSTRUCTION" missed="0" covered="12"/><counter type="LINE" missed="0" covered="5"/><counter type="COMPLEXITY" missed="0" covered="1"/><counter type="METHOD" missed="0" covered="1"/></method><method name="processIncomingVehicle" desc="()V" line="32"><counter type="INSTRUCTION" missed="5" covered="85"/><counter type="BRANCH" missed="1" covered="5"/><counter type="LINE" missed="1" covered="21"/><counter type="COMPLEXITY" missed="1" covered="3"/><counter type="METHOD" missed="0" covered="1"/></method><method name="getVehichleRegNumber" desc="()Ljava/lang/String;" line="62"><counter type="INSTRUCTION" missed="0" covered="7"/><counter type="LINE" missed="0" covered="2"/><counter type="COMPLEXITY" missed="0" covered="1"/><counter type="METHOD" missed="0" covered="1"/></method><method name="getNextParkingNumberIfAvailable" desc="()Lcom/parkit/parkingsystem/model/ParkingSpot;" line="67"><counter type="INSTRUCTION" missed="0" covered="40"/><counter type="BRANCH" missed="0" covered="2"/><counter type="LINE" missed="0" covered="13"/><counter type="COMPLEXITY" missed="0" covered="2"/><counter type="METHOD" missed="0" covered="1"/></method><method name="getVehichleType" desc="()Lcom/parkit/parkingsystem/constants/ParkingType;" line="86"><counter type="INSTRUCTION" missed="2" covered="25"/><counter type="BRANCH" missed="1" covered="2"/><counter type="LINE" missed="1" covered="8"/><counter type="COMPLEXITY" missed="1" covered="2"/><counter type="METHOD" missed="0" covered="1"/></method><method name="processExitingVehicle" desc="()V" line="106"><counter type="INSTRUCTION" missed="0" covered="80"/><counter type="BRANCH" missed="0" covered="4"/><counter type="LINE" missed="0" covered="17"/><counter type="COMPLEXITY" missed="0" covered="3"/><counter type="METHOD" missed="0" covered="1"/></method><counter type="INSTRUCTION" missed="7" covered="257"/><counter type="BRANCH" missed="2" covered="13"/><counter type="LINE" missed="2" covered="68"/><counter type="COMPLEXITY" missed="2" covered="13"/><counter type="METHOD" missed="0" covered="7"/><counter type="CLASS" missed="0" covered="1"/></class><class name="com/parkit/parkingsystem/service/InteractiveShell" sourcefilename="InteractiveShell.java"><method name="&lt;clinit&gt;" desc="()V" line="11"><counter type="INSTRUCTION" missed="4" covered="0"/><counter type="LINE" missed="1" covered="0"/><counter type="COMPLEXITY" missed="1" covered="0"/><counter type="METHOD" missed="1" covered="0"/></method><method name="&lt;init&gt;" desc="()V" line="9"><counter type="INSTRUCTION" missed="3" covered="0"/><counter type="LINE" missed="1" covered="0"/><counter type="COMPLEXITY" missed="1" covered="0"/><counter type="METHOD" missed="1" covered="0"/></method><method name="loadInterface" desc="()V" line="14"><counter type="INSTRUCTION" missed="52" covered="0"/><counter type="BRANCH" missed="6" covered="0"/><counter type="LINE" missed="20" covered="0"/><counter type="COMPLEXITY" missed="5" covered="0"/><counter type="METHOD" missed="1" covered="0"/></method><method name="loadMenu" desc="()V" line="46"><counter type="INSTRUCTION" missed="13" covered="0"/><counter type="LINE" missed="5" covered="0"/><counter type="COMPLEXITY" missed="1" covered="0"/><counter type="METHOD" missed="1" covered="0"/></method><counter type="INSTRUCTION" missed="72" covered="0"/><counter type="BRANCH" missed="6" covered="0"/><counter type="LINE" missed="27" covered="0"/><counter type="COMPLEXITY" missed="8" covered="0"/><counter type="METHOD" missed="4" covered="0"/><counter type="CLASS" missed="1" covered="0"/></class><sourcefile name="ParkingService.java"><line nr="16" mi="0" ci="3" mb="0" cb="0"/><line nr="18" mi="0" ci="5" mb="0" cb="0"/><line nr="24" mi="0" ci="2" mb="0" cb="0"/><line nr="25" mi="0" ci="3" mb="0" cb="0"/><line nr="26" mi="0" ci="3" mb="0" cb="0"/><line nr="27" mi="0" ci="3" mb="0" cb="0"/><line nr="28" mi="0" ci="1" mb="0" cb="0"/><line nr="32" mi="0" ci="3" mb="0" cb="0"/><line nr="33" mi="0" ci="5" mb="0" cb="0"/><line nr="34" mi="0" ci="2" mb="0" cb="2"/><line nr="35" mi="0" ci="3" mb="0" cb="0"/><line nr="37" mi="0" ci="3" mb="0" cb="0"/><line nr="38" mi="0" ci="5" mb="1" cb="3"/><line nr="39" mi="0" ci="3" mb="0" cb="0"/><line nr="40" mi="0" ci="5" mb="0" cb="0"/><line nr="42" mi="0" ci="4" mb="0" cb="0"/><line nr="43" mi="0" ci="4" mb="0" cb="0"/><line nr="46" mi="0" ci="3" mb="0" cb="0"/><line nr="47" mi="0" ci="3" mb="0" cb="0"/><line nr="48" mi="0" ci="3" mb="0" cb="0"/><line nr="49" mi="0" ci="3" mb="0" cb="0"/><line nr="50" mi="0" ci="3" mb="0" cb="0"/><line nr="51" mi="0" ci="5" mb="0" cb="0"/><line nr="52" mi="0" ci="3" mb="0" cb="0"/><line nr="53" mi="0" ci="10" mb="0" cb="0"/><line nr="54" mi="0" ci="13" mb="0" cb="0"/><line nr="56" mi="1" ci="1" mb="0" cb="0"/><line nr="57" mi="4" ci="0" mb="0" cb="0"/><line nr="59" mi="0" ci="1" mb="0" cb="0"/><line nr="62" mi="0" ci="3" mb="0" cb="0"/><line nr="63" mi="0" ci="4" mb="0" cb="0"/><line nr="67" mi="0" ci="2" mb="0" cb="0"/><line nr="68" mi="0" ci="2" mb="0" cb="0"/><line nr="70" mi="0" ci="3" mb="0" cb="0"/><line nr="71" mi="0" ci="5" mb="0" cb="0"/><line nr="72" mi="0" ci="2" mb="0" cb="2"/><line nr="73" mi="0" ci="7" mb="0" cb="0"/><line nr="74" mi="0" ci="1" mb="0" cb="0"/><line nr="75" mi="0" ci="5" mb="0" cb="0"/><line nr="77" mi="0" ci="1" mb="0" cb="0"/><line nr="78" mi="0" ci="5" mb="0" cb="0"/><line nr="79" mi="0" ci="1" mb="0" cb="0"/><line nr="80" mi="0" ci="4" mb="0" cb="0"/><line nr="82" mi="0" ci="2" mb="0" cb="0"/><line nr="86" mi="0" ci="3" mb="0" cb="0"/><line nr="87" mi="0" ci="3" mb="0" cb="0"/><line nr="88" mi="0" ci="3" mb="0" cb="0"/><line nr="89" mi="0" ci="4" mb="0" cb="0"/><line nr="90" mi="0" ci="2" mb="1" cb="2"/><line nr="92" mi="0" ci="2" mb="0" cb="0"/><line nr="95" mi="2" ci="0" mb="0" cb="0"/><line nr="98" mi="0" ci="3" mb="0" cb="0"/><line nr="99" mi="0" ci="5" mb="0" cb="0"/><line nr="106" mi="0" ci="3" mb="0" cb="0"/><line nr="107" mi="0" ci="5" mb="0" cb="0"/><line nr="108" mi="0" ci="4" mb="0" cb="0"/><line nr="109" mi="0" ci="3" mb="0" cb="0"/><line nr="113" mi="0" ci="10" mb="0" cb="2"/><line nr="114" mi="0" ci="4" mb="0" cb="0"/><line nr="116" mi="0" ci="5" mb="0" cb="2"/><line nr="117" mi="0" ci="3" mb="0" cb="0"/><line nr="118" mi="0" ci="3" mb="0" cb="0"/><line nr="119" mi="0" ci="5" mb="0" cb="0"/><line nr="120" mi="0" ci="10" mb="0" cb="0"/><line nr="121" mi="0" ci="14" mb="0" cb="0"/><line nr="122" mi="0" ci="1" mb="0" cb="0"/><line nr="123" mi="0" ci="3" mb="0" cb="0"/><line nr="125" mi="0" ci="2" mb="0" cb="0"/><line nr="126" mi="0" ci="4" mb="0" cb="0"/><line nr="128" mi="0" ci="1" mb="0" cb="0"/><counter type="INSTRUCTION" missed="7" covered="257"/><counter type="BRANCH" missed="2" covered="13"/><counter type="LINE" missed="2" covered="68"/><counter type="COMPLEXITY" missed="2" covered="13"/><counter type="METHOD" missed="0" covered="7"/><counter type="CLASS" missed="0" covered="1"/></sourcefile><sourcefile name="InteractiveShell.java"><line nr="9" mi="3" ci="0" mb="0" cb="0"/><line nr="11" mi="4" ci="0" mb="0" cb="0"/><line nr="14" mi="3" ci="0" mb="0" cb="0"/><line nr="15" mi="3" ci="0" mb="0" cb="0"/><line nr="17" mi="2" ci="0" mb="0" cb="0"/><line nr="18" mi="4" ci="0" mb="0" cb="0"/><line nr="19" mi="4" ci="0" mb="0" cb="0"/><line nr="20" mi="4" ci="0" mb="0" cb="0"/><line nr="21" mi="7" ci="0" mb="0" cb="0"/><line nr="23" mi="3" ci="0" mb="2" cb="0"/><line nr="24" mi="1" ci="0" mb="0" cb="0"/><line nr="25" mi="3" ci="0" mb="0" cb="0"/><line nr="26" mi="2" ci="0" mb="4" cb="0"/><line nr="28" mi="2" ci="0" mb="0" cb="0"/><line nr="29" mi="1" ci="0" mb="0" cb="0"/><line nr="32" mi="2" ci="0" mb="0" cb="0"/><line nr="33" mi="1" ci="0" mb="0" cb="0"/><line nr="36" mi="3" ci="0" mb="0" cb="0"/><line nr="37" mi="2" ci="0" mb="0" cb="0"/><line nr="38" mi="1" ci="0" mb="0" cb="0"/><line nr="40" mi="3" ci="0" mb="0" cb="0"/><line nr="43" mi="1" ci="0" mb="0" cb="0"/><line nr="46" mi="3" ci="0" mb="0" cb="0"/><line nr="47" mi="3" ci="0" mb="0" cb="0"/><line nr="48" mi="3" ci="0" mb="0" cb="0"/><line nr="49" mi="3" ci="0" mb="0" cb="0"/><line nr="50" mi="1" ci="0" mb="0" cb="0"/><counter type="INSTRUCTION" missed="72" covered="0"/><counter type="BRANCH" missed="6" covered="0"/><counter type="LINE" missed="27" covered="0"/><counter type="COMPLEXITY" missed="8" covered="0"/><counter type="METHOD" missed="4" covered="0"/><counter type="CLASS" missed="1" covered="0"/></sourcefile><sourcefile name="FareCalculatorService.java"><line nr="6" mi="0" ci="3" mb="0" cb="0"/><line nr="9" mi="0" ci="9" mb="0" cb="4"/><line nr="10" mi="0" ci="12" mb="0" cb="0"/><line nr="13" mi="0" ci="4" mb="0" cb="0"/><line nr="14" mi="0" ci="4" mb="0" cb="0"/><line nr="17" mi="0" ci="7" mb="0" cb="0"/><line nr="18" mi="0" ci="4" mb="0" cb="2"/><line nr="19" mi="0" ci="3" mb="0" cb="0"/><line nr="20" mi="0" ci="1" mb="0" cb="0"/><line nr="22" mi="0" ci="2" mb="0" cb="0"/><line nr="23" mi="0" ci="7" mb="1" cb="2"/><line nr="25" mi="0" ci="2" mb="0" cb="0"/><line nr="26" mi="0" ci="1" mb="0" cb="0"/><line nr="28" mi="0" ci="2" mb="0" cb="0"/><line nr="29" mi="0" ci="1" mb="0" cb="0"/><line nr="31" mi="5" ci="0" mb="0" cb="0"/><line nr="34" mi="0" ci="4" mb="0" cb="0"/><line nr="36" mi="0" ci="2" mb="0" cb="2"/><line nr="37" mi="0" ci="4" mb="0" cb="0"/><line nr="40" mi="0" ci="3" mb="0" cb="0"/><line nr="42" mi="0" ci="1" mb="0" cb="0"/><line nr="45" mi="0" ci="4" mb="0" cb="0"/><line nr="46" mi="0" ci="1" mb="0" cb="0"/><counter type="INSTRUCTION" missed="5" covered="81"/><counter type="BRANCH" missed="1" covered="10"/><counter type="LINE" missed="1" covered="22"/><counter type="COMPLEXITY" missed="1" covered="8"/><counter type="METHOD" missed="0" covered="3"/><counter type="CLASS" missed="0" covered="1"/></sourcefile><counter type="INSTRUCTION" missed="84" covered="338"/><counter type="BRANCH" missed="9" covered="23"/><counter type="LINE" missed="30" covered="90"/><counter type="COMPLEXITY" missed="11" covered="21"/><counter type="METHOD" missed="4" covered="10"/><counter type="CLASS" missed="1" covered="2"/></package><package name="com/parkit/parkingsystem"><class name="com/parkit/parkingsystem/App" sourcefilename="App.java"><method name="&lt;clinit&gt;" desc="()V" line="8"><counter type="INSTRUCTION" missed="4" covered="0"/><counter type="LINE" missed="1" covered="0"/><counter type="COMPLEXITY" missed="1" covered="0"/><counter type="METHOD" missed="1" covered="0"/></method><method name="&lt;init&gt;" desc="()V" line="7"><counter type="INSTRUCTION" missed="3" covered="0"/><counter type="LINE" missed="1" covered="0"/><counter type="COMPLEXITY" missed="1" covered="0"/><counter type="METHOD" missed="1" covered="0"/></method><method name="main" desc="([Ljava/lang/String;)V" line="10"><counter type="INSTRUCTION" missed="5" covered="0"/><counter type="LINE" missed="3" covered="0"/><counter type="COMPLEXITY" missed="1" covered="0"/><counter type="METHOD" missed="1" covered="0"/></method><counter type="INSTRUCTION" missed="12" covered="0"/><counter type="LINE" missed="5" covered="0"/><counter type="COMPLEXITY" missed="3" covered="0"/><counter type="METHOD" missed="3" covered="0"/><counter type="CLASS" missed="1" covered="0"/></class><sourcefile name="App.java"><line nr="7" mi="3" ci="0" mb="0" cb="0"/><line nr="8" mi="4" ci="0" mb="0" cb="0"/><line nr="10" mi="3" ci="0" mb="0" cb="0"/><line nr="11" mi="1" ci="0" mb="0" cb="0"/><line nr="12" mi="1" ci="0" mb="0" cb="0"/><counter type="INSTRUCTION" missed="12" covered="0"/><counter type="LINE" missed="5" covered="0"/><counter type="COMPLEXITY" missed="3" covered="0"/><counter type="METHOD" missed="3" covered="0"/><counter type="CLASS" missed="1" covered="0"/></sourcefile><counter type="INSTRUCTION" missed="12" covered="0"/><counter type="LINE" missed="5" covered="0"/><counter type="COMPLEXITY" missed="3" covered="0"/><counter type="METHOD" missed="3" covered="0"/><counter type="CLASS" missed="1" covered="0"/></package><package name="com/parkit/parkingsystem/model"><class name="com/parkit/parkingsystem/model/ParkingSpot" sourcefilename="ParkingSpot.java"><method name="&lt;init&gt;" desc="(ILcom/parkit/parkingsystem/constants/ParkingType;Z)V" line="10"><counter type="INSTRUCTION" missed="0" covered="12"/><counter type="LINE" missed="0" covered="5"/><counter type="COMPLEXITY" missed="0" covered="1"/><counter type="METHOD" missed="0" covered="1"/></method><method name="getId" desc="()I" line="17"><counter type="INSTRUCTION" missed="0" covered="3"/><counter type="LINE" missed="0" covered="1"/><counter type="COMPLEXITY" missed="0" covered="1"/><counter type="METHOD" missed="0" covered="1"/></method><method name="setId" desc="(I)V" line="21"><counter type="INSTRUCTION" missed="4" covered="0"/><counter type="LINE" missed="2" covered="0"/><counter type="COMPLEXITY" missed="1" covered="0"/><counter type="METHOD" missed="1" covered="0"/></method><method name="getParkingType" desc="()Lcom/parkit/parkingsystem/constants/ParkingType;" line="25"><counter type="INSTRUCTION" missed="0" covered="3"/><counter type="LINE" missed="0" covered="1"/><counter type="COMPLEXITY" missed="0" covered="1"/><counter type="METHOD" missed="0" covered="1"/></method><method name="setParkingType" desc="(Lcom/parkit/parkingsystem/constants/ParkingType;)V" line="29"><counter type="INSTRUCTION" missed="4" covered="0"/><counter type="LINE" missed="2" covered="0"/><counter type="COMPLEXITY" missed="1" covered="0"/><counter type="METHOD" missed="1" covered="0"/></method><method name="isAvailable" desc="()Z" line="33"><counter type="INSTRUCTION" missed="0" covered="3"/><counter type="LINE" missed="0" covered="1"/><counter type="COMPLEXITY" missed="0" covered="1"/><counter type="METHOD" missed="0" covered="1"/></method><method name="setAvailable" desc="(Z)V" line="37"><counter type="INSTRUCTION" missed="0" covered="4"/><counter type="LINE" missed="0" covered="2"/><counter type="COMPLEXITY" missed="0" covered="1"/><counter type="METHOD" missed="0" covered="1"/></method><counter type="INSTRUCTION" missed="8" covered="25"/><counter type="LINE" missed="4" covered="10"/><counter type="COMPLEXITY" missed="2" covered="5"/><counter type="METHOD" missed="2" covered="5"/><counter type="CLASS" missed="0" covered="1"/></class><class name="com/parkit/parkingsystem/model/Ticket" sourcefilename="Ticket.java"><method name="&lt;init&gt;" desc="()V" line="6"><counter type="INSTRUCTION" missed="0" covered="3"/><counter type="LINE" missed="0" covered="1"/><counter type="COMPLEXITY" missed="0" covered="1"/><counter type="METHOD" missed="0" covered="1"/></method><method name="getId" desc="()I" line="15"><counter type="INSTRUCTION" missed="0" covered="3"/><counter type="LINE" missed="0" covered="1"/><counter type="COMPLEXITY" missed="0" covered="1"/><counter type="METHOD" missed="0" covered="1"/></method><method name="setId" desc="(I)V" line="19"><counter type="INSTRUCTION" missed="0" covered="4"/><counter type="LINE" missed="0" covered="2"/><counter type="COMPLEXITY" missed="0" covered="1"/><counter type="METHOD" missed="0" covered="1"/></method><method name="getParkingSpot" desc="()Lcom/parkit/parkingsystem/model/ParkingSpot;" line="23"><counter type="INSTRUCTION" missed="0" covered="3"/><counter type="LINE" missed="0" covered="1"/><counter type="COMPLEXITY" missed="0" covered="1"/><counter type="METHOD" missed="0" covered="1"/></method><method name="setParkingSpot" desc="(Lcom/parkit/parkingsystem/model/ParkingSpot;)V" line="27"><counter type="INSTRUCTION" missed="0" covered="4"/><counter type="LINE" missed="0" covered="2"/><counter type="COMPLEXITY" missed="0" covered="1"/><counter type="METHOD" missed="0" covered="1"/></method><method name="getVehicleRegNumber" desc="()Ljava/lang/String;" line="31"><counter type="INSTRUCTION" missed="0" covered="3"/><counter type="LINE" missed="0" covered="1"/><counter type="COMPLEXITY" missed="0" covered="1"/><counter type="METHOD" missed="0" covered="1"/></method><method name="setVehicleRegNumber" desc="(Ljava/lang/String;)V" line="35"><counter type="INSTRUCTION" missed="0" covered="4"/><counter type="LINE" missed="0" covered="2"/><counter type="COMPLEXITY" missed="0" covered="1"/><counter type="METHOD" missed="0" covered="1"/></method><method name="getPrice" desc="()D" line="39"><counter type="INSTRUCTION" missed="0" covered="3"/><counter type="LINE" missed="0" covered="1"/><counter type="COMPLEXITY" missed="0" covered="1"/><counter type="METHOD" missed="0" covered="1"/></method><method name="setPrice" desc="(D)V" line="43"><counter type="INSTRUCTION" missed="0" covered="4"/><counter type="LINE" missed="0" covered="2"/><counter type="COMPLEXITY" missed="0" covered="1"/><counter type="METHOD" missed="0" covered="1"/></method><method name="getInTime" desc="()Ljava/util/Date;" line="47"><counter type="INSTRUCTION" missed="0" covered="3"/><counter type="LINE" missed="0" covered="1"/><counter type="COMPLEXITY" missed="0" covered="1"/><counter type="METHOD" missed="0" covered="1"/></method><method name="setInTime" desc="(Ljava/util/Date;)V" line="51"><counter type="INSTRUCTION" missed="0" covered="4"/><counter type="LINE" missed="0" covered="2"/><counter type="COMPLEXITY" missed="0" covered="1"/><counter type="METHOD" missed="0" covered="1"/></method><method name="getOutTime" desc="()Ljava/util/Date;" line="55"><counter type="INSTRUCTION" missed="0" covered="3"/><counter type="LINE" missed="0" covered="1"/><counter type="COMPLEXITY" missed="0" covered="1"/><counter type="METHOD" missed="0" covered="1"/></method><method name="setOutTime" desc="(Ljava/util/Date;)V" line="59"><counter type="INSTRUCTION" missed="0" covered="4"/><counter type="LINE" missed="0" covered="2"/><counter type="COMPLEXITY" missed="0" covered="1"/><counter type="METHOD" missed="0" covered="1"/></method><counter type="INSTRUCTION" missed="0" covered="45"/><counter type="LINE" missed="0" covered="19"/><counter type="COMPLEXITY" missed="0" covered="13"/><counter type="METHOD" missed="0" covered="13"/><counter type="CLASS" missed="0" covered="1"/></class><sourcefile name="Ticket.java"><line nr="6" mi="0" ci="3" mb="0" cb="0"/><line nr="15" mi="0" ci="3" mb="0" cb="0"/><line nr="19" mi="0" ci="3" mb="0" cb="0"/><line nr="20" mi="0" ci="1" mb="0" cb="0"/><line nr="23" mi="0" ci="3" mb="0" cb="0"/><line nr="27" mi="0" ci="3" mb="0" cb="0"/><line nr="28" mi="0" ci="1" mb="0" cb="0"/><line nr="31" mi="0" ci="3" mb="0" cb="0"/><line nr="35" mi="0" ci="3" mb="0" cb="0"/><line nr="36" mi="0" ci="1" mb="0" cb="0"/><line nr="39" mi="0" ci="3" mb="0" cb="0"/><line nr="43" mi="0" ci="3" mb="0" cb="0"/><line nr="44" mi="0" ci="1" mb="0" cb="0"/><line nr="47" mi="0" ci="3" mb="0" cb="0"/><line nr="51" mi="0" ci="3" mb="0" cb="0"/><line nr="52" mi="0" ci="1" mb="0" cb="0"/><line nr="55" mi="0" ci="3" mb="0" cb="0"/><line nr="59" mi="0" ci="3" mb="0" cb="0"/><line nr="60" mi="0" ci="1" mb="0" cb="0"/><counter type="INSTRUCTION" missed="0" covered="45"/><counter type="LINE" missed="0" covered="19"/><counter type="COMPLEXITY" missed="0" covered="13"/><counter type="METHOD" missed="0" covered="13"/><counter type="CLASS" missed="0" covered="1"/></sourcefile><sourcefile name="ParkingSpot.java"><line nr="10" mi="0" ci="2" mb="0" cb="0"/><line nr="11" mi="0" ci="3" mb="0" cb="0"/><line nr="12" mi="0" ci="3" mb="0" cb="0"/><line nr="13" mi="0" ci="3" mb="0" cb="0"/><line nr="14" mi="0" ci="1" mb="0" cb="0"/><line nr="17" mi="0" ci="3" mb="0" cb="0"/><line nr="21" mi="3" ci="0" mb="0" cb="0"/><line nr="22" mi="1" ci="0" mb="0" cb="0"/><line nr="25" mi="0" ci="3" mb="0" cb="0"/><line nr="29" mi="3" ci="0" mb="0" cb="0"/><line nr="30" mi="1" ci="0" mb="0" cb="0"/><line nr="33" mi="0" ci="3" mb="0" cb="0"/><line nr="37" mi="0" ci="3" mb="0" cb="0"/><line nr="38" mi="0" ci="1" mb="0" cb="0"/><counter type="INSTRUCTION" missed="8" covered="25"/><counter type="LINE" missed="4" covered="10"/><counter type="COMPLEXITY" missed="2" covered="5"/><counter type="METHOD" missed="2" covered="5"/><counter type="CLASS" missed="0" covered="1"/></sourcefile><counter type="INSTRUCTION" missed="8" covered="70"/><counter type="LINE" missed="4" covered="29"/><counter type="COMPLEXITY" missed="2" covered="18"/><counter type="METHOD" missed="2" covered="18"/><counter type="CLASS" missed="0" covered="2"/></package><package name="com/parkit/parkingsystem/constants"><class name="com/parkit/parkingsystem/constants/Fare" sourcefilename="Fare.java"><method name="&lt;init&gt;" desc="()V" line="3"><counter type="INSTRUCTION" missed="3" covered="0"/><counter type="LINE" missed="1" covered="0"/><counter type="COMPLEXITY" missed="1" covered="0"/><counter type="METHOD" missed="1" covered="0"/></method><counter type="INSTRUCTION" missed="3" covered="0"/><counter type="LINE" missed="1" covered="0"/><counter type="COMPLEXITY" missed="1" covered="0"/><counter type="METHOD" missed="1" covered="0"/><counter type="CLASS" missed="1" covered="0"/></class><class name="com/parkit/parkingsystem/constants/ParkingType" sourcefilename="ParkingType.java"><method name="&lt;clinit&gt;" desc="()V" line="3"><counter type="INSTRUCTION" missed="0" covered="24"/><counter type="LINE" missed="0" covered="3"/><counter type="COMPLEXITY" missed="0" covered="1"/><counter type="METHOD" missed="0" covered="1"/></method><counter type="INSTRUCTION" missed="0" covered="24"/><counter type="LINE" missed="0" covered="3"/><counter type="COMPLEXITY" missed="0" covered="1"/><counter type="METHOD" missed="0" covered="1"/><counter type="CLASS" missed="0" covered="1"/></class><class name="com/parkit/parkingsystem/constants/DBConstants" sourcefilename="DBConstants.java"><method name="&lt;init&gt;" desc="()V" line="3"><counter type="INSTRUCTION" missed="3" covered="0"/><counter type="LINE" missed="1" covered="0"/><counter type="COMPLEXITY" missed="1" covered="0"/><counter type="METHOD" missed="1" covered="0"/></method><counter type="INSTRUCTION" missed="3" covered="0"/><counter type="LINE" missed="1" covered="0"/><counter type="COMPLEXITY" missed="1" covered="0"/><counter type="METHOD" missed="1" covered="0"/><counter type="CLASS" missed="1" covered="0"/></class><sourcefile name="DBConstants.java"><line nr="3" mi="3" ci="0" mb="0" cb="0"/><counter type="INSTRUCTION" missed="3" covered="0"/><counter type="LINE" missed="1" covered="0"/><counter type="COMPLEXITY" missed="1" covered="0"/><counter type="METHOD" missed="1" covered="0"/><counter type="CLASS" missed="1" covered="0"/></sourcefile><sourcefile name="ParkingType.java"><line nr="3" mi="0" ci="12" mb="0" cb="0"/><line nr="4" mi="0" ci="6" mb="0" cb="0"/><line nr="5" mi="0" ci="6" mb="0" cb="0"/><counter type="INSTRUCTION" missed="0" covered="24"/><counter type="LINE" missed="0" covered="3"/><counter type="COMPLEXITY" missed="0" covered="1"/><counter type="METHOD" missed="0" covered="1"/><counter type="CLASS" missed="0" covered="1"/></sourcefile><sourcefile name="Fare.java"><line nr="3" mi="3" ci="0" mb="0" cb="0"/><counter type="INSTRUCTION" missed="3" covered="0"/><counter type="LINE" missed="1" covered="0"/><counter type="COMPLEXITY" missed="1" covered="0"/><counter type="METHOD" missed="1" covered="0"/><counter type="CLASS" missed="1" covered="0"/></sourcefile><counter type="INSTRUCTION" missed="6" covered="24"/><counter type="LINE" missed="2" covered="3"/><counter type="COMPLEXITY" missed="2" covered="1"/><counter type="METHOD" missed="2" covered="1"/><counter type="CLASS" missed="2" covered="1"/></package><package name="com/parkit/parkingsystem/util"><class name="com/parkit/parkingsystem/util/InputReaderUtil" sourcefilename="InputReaderUtil.java"><method name="&lt;clinit&gt;" desc="()V" line="10"><counter type="INSTRUCTION" missed="0" covered="9"/><counter type="LINE" missed="0" covered="2"/><counter type="COMPLEXITY" missed="0" covered="1"/><counter type="METHOD" missed="0" covered="1"/></method><method name="&lt;init&gt;" desc="()V" line="8"><counter type="INSTRUCTION" missed="3" covered="0"/><counter type="LINE" missed="1" covered="0"/><counter type="COMPLEXITY" missed="1" covered="0"/><counter type="METHOD" missed="1" covered="0"/></method><method name="readSelection" desc="()I" line="15"><counter type="INSTRUCTION" missed="16" covered="0"/><counter type="LINE" missed="6" covered="0"/><counter type="COMPLEXITY" missed="1" covered="0"/><counter type="METHOD" missed="1" covered="0"/></method><method name="readVehicleRegistrationNumber" desc="()Ljava/lang/String;" line="26"><counter type="INSTRUCTION" missed="26" covered="0"/><counter type="BRANCH" missed="4" covered="0"/><counter type="LINE" missed="8" covered="0"/><counter type="COMPLEXITY" missed="3" covered="0"/><counter type="METHOD" missed="1" covered="0"/></method><counter type="INSTRUCTION" missed="45" covered="9"/><counter type="BRANCH" missed="4" covered="0"/><counter type="LINE" missed="15" covered="2"/><counter type="COMPLEXITY" missed="5" covered="1"/><counter type="METHOD" missed="3" covered="1"/><counter type="CLASS" missed="0" covered="1"/></class><sourcefile name="InputReaderUtil.java"><line nr="8" mi="3" ci="0" mb="0" cb="0"/><line nr="10" mi="0" ci="5" mb="0" cb="0"/><line nr="11" mi="0" ci="4" mb="0" cb="0"/><line nr="15" mi="4" ci="0" mb="0" cb="0"/><line nr="16" mi="2" ci="0" mb="0" cb="0"/><line nr="17" mi="1" ci="0" mb="0" cb="0"/><line nr="18" mi="4" ci="0" mb="0" cb="0"/><line nr="19" mi="3" ci="0" mb="0" cb="0"/><line nr="20" mi="2" ci="0" mb="0" cb="0"/><line nr="26" mi="3" ci="0" mb="0" cb="0"/><line nr="27" mi="6" ci="0" mb="4" cb="0"/><line nr="28" mi="5" ci="0" mb="0" cb="0"/><line nr="30" mi="2" ci="0" mb="0" cb="0"/><line nr="31" mi="1" ci="0" mb="0" cb="0"/><line nr="32" mi="4" ci="0" mb="0" cb="0"/><line nr="33" mi="3" ci="0" mb="0" cb="0"/><line nr="34" mi="2" ci="0" mb="0" cb="0"/><counter type="INSTRUCTION" missed="45" covered="9"/><counter type="BRANCH" missed="4" covered="0"/><counter type="LINE" missed="15" covered="2"/><counter type="COMPLEXITY" missed="5" covered="1"/><counter type="METHOD" missed="3" covered="1"/><counter type="CLASS" missed="0" covered="1"/></sourcefile><counter type="INSTRUCTION" missed="45" covered="9"/><counter type="BRANCH" missed="4" covered="0"/><counter type="LINE" missed="15" covered="2"/><counter type="COMPLEXITY" missed="5" covered="1"/><counter type="METHOD" missed="3" covered="1"/><counter type="CLASS" missed="0" covered="1"/></package><package name="com/parkit/parkingsystem/dao"><class name="com/parkit/parkingsystem/dao/TicketDAO" sourcefilename="TicketDAO.java"><method name="&lt;clinit&gt;" desc="()V" line="18"><counter type="INSTRUCTION" missed="0" covered="4"/><counter type="LINE" missed="0" covered="1"/><counter type="COMPLEXITY" missed="0" covered="1"/><counter type="METHOD" missed="0" covered="1"/></method><method name="&lt;init&gt;" desc="()V" line="16"><counter type="INSTRUCTION" missed="0" covered="8"/><counter type="LINE" missed="0" covered="2"/><counter type="COMPLEXITY" missed="0" covered="1"/><counter type="METHOD" missed="0" covered="1"/></method><method name="saveTicket" desc="(Lcom/parkit/parkingsystem/model/Ticket;)Z" line="23"><counter type="INSTRUCTION" missed="13" covered="53"/><counter type="BRANCH" missed="1" covered="1"/><counter type="LINE" missed="3" covered="11"/><counter type="COMPLEXITY" missed="1" covered="1"/><counter type="METHOD" missed="0" covered="1"/></method><method name="getTicket" desc="(Ljava/lang/String;)Lcom/parkit/parkingsystem/model/Ticket;" line="44"><counter type="INSTRUCTION" missed="7" covered="79"/><counter type="BRANCH" missed="0" covered="2"/><counter type="LINE" missed="2" covered="20"/><counter type="COMPLEXITY" missed="0" covered="2"/><counter type="METHOD" missed="0" covered="1"/></method><method name="updateTicket" desc="(Lcom/parkit/parkingsystem/model/Ticket;)Z" line="73"><counter type="INSTRUCTION" missed="0" covered="45"/><counter type="LINE" missed="0" covered="12"/><counter type="COMPLEXITY" missed="0" covered="1"/><counter type="METHOD" missed="0" covered="1"/></method><method name="getNbTicket" desc="(Ljava/lang/String;)I" line="91"><counter type="INSTRUCTION" missed="6" covered="41"/><counter type="BRANCH" missed="1" covered="1"/><counter type="LINE" missed="1" covered="13"/><counter type="COMPLEXITY" missed="1" covered="1"/><counter type="METHOD" missed="0" covered="1"/></method><counter type="INSTRUCTION" missed="26" covered="230"/><counter type="BRANCH" missed="2" covered="4"/><counter type="LINE" missed="6" covered="59"/><counter type="COMPLEXITY" missed="2" covered="7"/><counter type="METHOD" missed="0" covered="6"/><counter type="CLASS" missed="0" covered="1"/></class><class name="com/parkit/parkingsystem/dao/ParkingSpotDAO" sourcefilename="ParkingSpotDAO.java"><method name="&lt;clinit&gt;" desc="()V" line="15"><counter type="INSTRUCTION" missed="0" covered="4"/><counter type="LINE" missed="0" covered="1"/><counter type="COMPLEXITY" missed="0" covered="1"/><counter type="METHOD" missed="0" covered="1"/></method><method name="&lt;init&gt;" desc="()V" line="14"><counter type="INSTRUCTION" missed="0" covered="8"/><counter type="LINE" missed="0" covered="2"/><counter type="COMPLEXITY" missed="0" covered="1"/><counter type="METHOD" missed="0" covered="1"/></method><method name="getNextAvailableSlot" desc="(Lcom/parkit/parkingsystem/constants/ParkingType;)I" line="20"><counter type="INSTRUCTION" missed="5" covered="42"/><counter type="BRANCH" missed="1" covered="1"/><counter type="LINE" missed="1" covered="13"/><counter type="COMPLEXITY" missed="1" covered="1"/><counter type="METHOD" missed="0" covered="1"/></method><method name="updateParking" desc="(Lcom/parkit/parkingsystem/model/ParkingSpot;)Z" line="41"><counter type="INSTRUCTION" missed="8" covered="39"/><counter type="BRANCH" missed="1" covered="1"/><counter type="LINE" missed="3" covered="9"/><counter type="COMPLEXITY" missed="1" covered="1"/><counter type="METHOD" missed="0" covered="1"/></method><counter type="INSTRUCTION" missed="13" covered="93"/><counter type="BRANCH" missed="2" covered="2"/><counter type="LINE" missed="4" covered="25"/><counter type="COMPLEXITY" missed="2" covered="4"/><counter type="METHOD" missed="0" covered="4"/><counter type="CLASS" missed="0" covered="1"/></class><sourcefile name="ParkingSpotDAO.java"><line nr="14" mi="0" ci="3" mb="0" cb="0"/><line nr="15" mi="0" ci="4" mb="0" cb="0"/><line nr="17" mi="0" ci="5" mb="0" cb="0"/><line nr="20" mi="0" ci="2" mb="0" cb="0"/><line nr="21" mi="0" ci="2" mb="0" cb="0"/><line nr="23" mi="0" ci="4" mb="0" cb="0"/><line nr="24" mi="0" ci="4" mb="0" cb="0"/><line nr="25" mi="0" ci="5" mb="0" cb="0"/><line nr="26" mi="0" ci="3" mb="0" cb="0"/><line nr="27" mi="0" ci="3" mb="1" cb="1"/><line nr="28" mi="0" ci="4" mb="0" cb="0"/><line nr="30" mi="0" ci="4" mb="0" cb="0"/><line nr="31" mi="0" ci="4" mb="0" cb="0"/><line nr="32" mi="1" ci="1" mb="0" cb="0"/><line nr="33" mi="4" ci="0" mb="0" cb="0"/><line nr="35" mi="0" ci="4" mb="0" cb="0"/><line nr="37" mi="0" ci="2" mb="0" cb="0"/><line nr="41" mi="0" ci="2" mb="0" cb="0"/><line nr="43" mi="0" ci="4" mb="0" cb="0"/><line nr="44" mi="0" ci="4" mb="0" cb="0"/><line nr="45" mi="0" ci="5" mb="0" cb="0"/><line nr="46" mi="0" ci="5" mb="0" cb="0"/><line nr="47" mi="0" ci="3" mb="0" cb="0"/><line nr="48" mi="0" ci="4" mb="0" cb="0"/><line nr="49" mi="1" ci="8" mb="1" cb="1"/><line nr="50" mi="1" ci="0" mb="0" cb="0"/><line nr="51" mi="4" ci="0" mb="0" cb="0"/><line nr="52" mi="2" ci="0" mb="0" cb="0"/><line nr="54" mi="0" ci="4" mb="0" cb="0"/><counter type="INSTRUCTION" missed="13" covered="93"/><counter type="BRANCH" missed="2" covered="2"/><counter type="LINE" missed="4" covered="25"/><counter type="COMPLEXITY" missed="2" covered="4"/><counter type="METHOD" missed="0" covered="4"/><counter type="CLASS" missed="0" covered="1"/></sourcefile><sourcefile name="TicketDAO.java"><line nr="16" mi="0" ci="3" mb="0" cb="0"/><line nr="18" mi="0" ci="4" mb="0" cb="0"/><line nr="20" mi="0" ci="5" mb="0" cb="0"/><line nr="23" mi="0" ci="2" mb="0" cb="0"/><line nr="25" mi="0" ci="4" mb="0" cb="0"/><line nr="26" mi="0" ci="4" mb="0" cb="0"/><line nr="29" mi="0" ci="6" mb="0" cb="0"/><line nr="30" mi="0" ci="5" mb="0" cb="0"/><line nr="31" mi="0" ci="5" mb="0" cb="0"/><line nr="32" mi="0" ci="9" mb="0" cb="0"/><line nr="33" mi="6" ci="8" mb="1" cb="1"/><line nr="34" mi="0" ci="4" mb="0" cb="0"/><line nr="35" mi="1" ci="0" mb="0" cb="0"/><line nr="36" mi="5" ci="0" mb="0" cb="0"/><line nr="37" mi="1" ci="0" mb="0" cb="0"/><line nr="38" mi="0" ci="4" mb="0" cb="0"/><line nr="39" mi="0" ci="2" mb="0" cb="0"/><line nr="44" mi="0" ci="2" mb="0" cb="0"/><line nr="45" mi="0" ci="2" mb="0" cb="0"/><line nr="47" mi="0" ci="4" mb="0" cb="0"/><line nr="48" mi="0" ci="4" mb="0" cb="0"/><line nr="50" mi="0" ci="4" mb="0" cb="0"/><line nr="51" mi="0" ci="3" mb="0" cb="0"/><line nr="52" mi="0" ci="3" mb="0" cb="2"/><line nr="53" mi="0" ci="4" mb="0" cb="0"/><line nr="54" mi="0" ci="12" mb="0" cb="0"/><line nr="55" mi="0" ci="3" mb="0" cb="0"/><line nr="56" mi="0" ci="5" mb="0" cb="0"/><line nr="57" mi="0" ci="3" mb="0" cb="0"/><line nr="58" mi="0" ci="5" mb="0" cb="0"/><line nr="59" mi="0" ci="5" mb="0" cb="0"/><line nr="60" mi="0" ci="5" mb="0" cb="0"/><line nr="62" mi="0" ci="4" mb="0" cb="0"/><line nr="63" mi="0" ci="4" mb="0" cb="0"/><line nr="64" mi="1" ci="1" mb="0" cb="0"/><line nr="65" mi="5" ci="0" mb="0" cb="0"/><line nr="66" mi="1" ci="0" mb="0" cb="0"/><line nr="67" mi="0" ci="4" mb="0" cb="0"/><line nr="68" mi="0" ci="2" mb="0" cb="0"/><line nr="73" mi="0" ci="2" mb="0" cb="0"/><line nr="75" mi="0" ci="4" mb="0" cb="0"/><line nr="76" mi="0" ci="4" mb="0" cb="0"/><line nr="77" mi="0" ci="5" mb="0" cb="0"/><line nr="78" mi="0" ci="9" mb="0" cb="0"/><line nr="79" mi="0" ci="5" mb="0" cb="0"/><line nr="80" mi="0" ci="3" mb="0" cb="0"/><line nr="81" mi="0" ci="2" mb="0" cb="0"/><line nr="82" mi="0" ci="1" mb="0" cb="0"/><line nr="83" mi="0" ci="4" mb="0" cb="0"/><line nr="85" mi="0" ci="4" mb="0" cb="0"/><line nr="87" mi="0" ci="2" mb="0" cb="0"/><line nr="91" mi="0" ci="2" mb="0" cb="0"/><line nr="92" mi="0" ci="2" mb="0" cb="0"/><line nr="94" mi="0" ci="4" mb="0" cb="0"/><line nr="95" mi="0" ci="4" mb="0" cb="0"/><line nr="96" mi="0" ci="4" mb="0" cb="0"/><line nr="97" mi="0" ci="3" mb="0" cb="0"/><line nr="98" mi="0" ci="3" mb="1" cb="1"/><line nr="99" mi="0" ci="4" mb="0" cb="0"/><line nr="101" mi="0" ci="4" mb="0" cb="0"/><line nr="102" mi="0" ci="4" mb="0" cb="0"/><line nr="103" mi="1" ci="1" mb="0" cb="0"/><line nr="104" mi="5" ci="0" mb="0" cb="0"/><line nr="106" mi="0" ci="4" mb="0" cb="0"/><line nr="108" mi="0" ci="2" mb="0" cb="0"/><counter type="INSTRUCTION" missed="26" covered="230"/><counter type="BRANCH" missed="2" covered="4"/><counter type="LINE" missed="6" covered="59"/><counter type="COMPLEXITY" missed="2" covered="7"/><counter type="METHOD" missed="0" covered="6"/><counter type="CLASS" missed="0" covered="1"/></sourcefile><counter type="INSTRUCTION" missed="39" covered="323"/><counter type="BRANCH" missed="4" covered="6"/><counter type="LINE" missed="10" covered="84"/><counter type="COMPLEXITY" missed="4" covered="11"/><counter type="METHOD" missed="0" covered="10"/><counter type="CLASS" missed="0" covered="2"/></package><package name="com/parkit/parkingsystem/config"><class name="com/parkit/parkingsystem/config/DataBaseConfig" sourcefilename="DataBaseConfig.java"><method name="&lt;clinit&gt;" desc="()V" line="10"><counter type="INSTRUCTION" missed="0" covered="4"/><counter type="LINE" missed="0" covered="1"/><counter type="COMPLEXITY" missed="0" covered="1"/><counter type="METHOD" missed="0" covered="1"/></method><method name="&lt;init&gt;" desc="()V" line="8"><counter type="INSTRUCTION" missed="0" covered="3"/><counter type="LINE" missed="0" covered="1"/><counter type="COMPLEXITY" missed="0" covered="1"/><counter type="METHOD" missed="0" covered="1"/></method><method name="getConnection" desc="()Ljava/sql/Connection;" line="13"><counter type="INSTRUCTION" missed="11" covered="0"/><counter type="LINE" missed="4" covered="0"/><counter type="COMPLEXITY" missed="1" covered="0"/><counter type="METHOD" missed="1" covered="0"/></method><method name="closeConnection" desc="(Ljava/sql/Connection;)V" line="20"><counter type="INSTRUCTION" missed="14" covered="0"/><counter type="BRANCH" missed="2" covered="0"/><counter type="LINE" missed="6" covered="0"/><counter type="COMPLEXITY" missed="2" covered="0"/><counter type="METHOD" missed="1" covered="0"/></method><method name="closePreparedStatement" desc="(Ljava/sql/PreparedStatement;)V" line="31"><counter type="INSTRUCTION" missed="14" covered="0"/><counter type="BRANCH" missed="2" covered="0"/><counter type="LINE" missed="6" covered="0"/><counter type="COMPLEXITY" missed="2" covered="0"/><counter type="METHOD" missed="1" covered="0"/></method><method name="closeResultSet" desc="(Ljava/sql/ResultSet;)V" line="42"><counter type="INSTRUCTION" missed="14" covered="0"/><counter type="BRANCH" missed="2" covered="0"/><counter type="LINE" missed="6" covered="0"/><counter type="COMPLEXITY" missed="2" covered="0"/><counter type="METHOD" missed="1" covered="0"/></method><counter type="INSTRUCTION" missed="53" covered="7"/><counter type="BRANCH" missed="6" covered="0"/><counter type="LINE" missed="22" covered="2"/><counter type="COMPLEXITY" missed="7" covered="2"/><counter type="METHOD" missed="4" covered="2"/><counter type="CLASS" missed="0" covered="1"/></class><sourcefile name="DataBaseConfig.java"><line nr="8" mi="0" ci="3" mb="0" cb="0"/><line nr="10" mi="0" ci="4" mb="0" cb="0"/><line nr="13" mi="3" ci="0" mb="0" cb="0"/><line nr="14" mi="3" ci="0" mb="0" cb="0"/><line nr="15" mi="2" ci="0" mb="0" cb="0"/><line nr="16" mi="3" ci="0" mb="0" cb="0"/><line nr="20" mi="2" ci="0" mb="2" cb="0"/><line nr="22" mi="2" ci="0" mb="0" cb="0"/><line nr="23" mi="3" ci="0" mb="0" cb="0"/><line nr="24" mi="2" ci="0" mb="0" cb="0"/><line nr="25" mi="4" ci="0" mb="0" cb="0"/><line nr="28" mi="1" ci="0" mb="0" cb="0"/><line nr="31" mi="2" ci="0" mb="2" cb="0"/><line nr="33" mi="2" ci="0" mb="0" cb="0"/><line nr="34" mi="3" ci="0" mb="0" cb="0"/><line nr="35" mi="2" ci="0" mb="0" cb="0"/><line nr="36" mi="4" ci="0" mb="0" cb="0"/><line nr="39" mi="1" ci="0" mb="0" cb="0"/><line nr="42" mi="2" ci="0" mb="2" cb="0"/><line nr="44" mi="2" ci="0" mb="0" cb="0"/><line nr="45" mi="3" ci="0" mb="0" cb="0"/><line nr="46" mi="2" ci="0" mb="0" cb="0"/><line nr="47" mi="4" ci="0" mb="0" cb="0"/><line nr="50" mi="1" ci="0" mb="0" cb="0"/><counter type="INSTRUCTION" missed="53" covered="7"/><counter type="BRANCH" missed="6" covered="0"/><counter type="LINE" missed="22" covered="2"/><counter type="COMPLEXITY" missed="7" covered="2"/><counter type="METHOD" missed="4" covered="2"/><counter type="CLASS" missed="0" covered="1"/></sourcefile><counter type="INSTRUCTION" missed="53" covered="7"/><counter type="BRANCH" missed="6" covered="0"/><counter type="LINE" missed="22" covered="2"/><counter type="COMPLEXITY" missed="7" covered="2"/><counter type="METHOD" missed="4" covered="2"/><counter type="CLASS" missed="0" covered="1"/></package><counter type="INSTRUCTION" missed="247" covered="771"/><counter type="BRANCH" missed="23" covered="29"/><counter type="LINE" missed="88" covered="210"/><counter type="COMPLEXITY" missed="34" covered="54"/><counter type="METHOD" missed="18" covered="42"/><counter type="CLASS" missed="4" covered="9"/></report>